<?xml version="1.0" encoding="UTF-8"?>
<!-- Generated by org.testng.reporters.JUnitReportReporter -->
<testsuite skipped="0" hostname="MAVBCP3335" name="sample1.Script1" tests="2" failures="0" timestamp="2021-09-17T09:44:11 IST" time="31.910" errors="0">
  <testcase name="TestMethod" time="14.966" classname="sample1.Script1"/>
  <system-out/>
  <testcase name="TestMethod1" time="16.944" classname="sample1.Script1"/>
  <system-out/>
</testsuite> <!-- sample1.Script1 -->
