<?xml version="1.0" encoding="UTF-8"?>
<!-- Generated by org.testng.reporters.JUnitReportReporter -->
<testsuite skipped="0" hostname="MAVBCP3335" name="sample1.Script1" tests="2" failures="0" timestamp="2021-09-17T09:23:52 IST" time="21.347" errors="0">
  <testcase name="TestMethod" time="11.305" classname="sample1.Script1"/>
  <system-out/>
  <testcase name="TestMethod1" time="10.042" classname="sample1.Script1"/>
  <system-out/>
</testsuite> <!-- sample1.Script1 -->
